5 11 20 20 23 94 93 90 90 85 
5 8 11 21 22 91 91 82 80 75
0 3 3 3 3 97 97 96 93 93
0 0 1 2 4 99 99 97 95 95
0 5 8 12 12 98 98 95 94 92
-94 -86 -82 -79 -77 98 96 96 87 76
-100 -99 -99 -98 -93 99 99 96 96 95
-100 -99 -93 -92 -89 98 97 97 95 94
-99 -96 -96 -94 -94 96 94 90 87 85
-99 -97 -97 -83 -64 99 90 86 83 62
-995 -981 -967 -867 -863 988 956 932 930 924
-997 -953 -937 -926 -917 958 911 854 841 837
-915 -802 -754 -662 -649 915 888 836 475 461
-986 -867 -760 -728 -621 974 964 826 811 788
-997 -950 -908 -865 -721 879 790 753 745 712 
-98760 -97257 -91372 -90607 -86234 95799 95501 93359 89053 81423
-97670 -97303 -97255 -88904 -83277 99784 99150 96622 94699 94301
-81736 -58443 -35760 -29585 -15818 94994 90258 89912 74397 64772
-96047 -93031 -91007 -83123 -70277 83009 76273 69461 58382 37021
-95532 -95020 -94997 -94586 -94099 99321 98398 96477 85497 84793
-1967416166 -1758681359 -1463882669 -1293038202 -734838063 2092481562 1979502452 1796940663 1596631634 1395291344
-2133626261 -2113361811 -2047444815 -1999597335 -1979952973 2097079641 2082299997 2026166029 1987410842 1970280016
-2096751940 -1979668376 -1653380453 -1599373031 -1577257828 2122049816 1970809252 1881629068 1833968667 1726037066
-1688043391 -1430194401 -1348482090 -1347761279 -1207648779 1964675989 1637996765 1606182076 1297934139 1297025980 
-2077861182 -2074785856 -2002320225 -1973504298 -1924994030 2147122610 2091278870 2001085650 1980933427 1939992002